<?xml version="1.0" encoding="UTF-8"?>
<!-- Generated by org.testng.reporters.JUnitXMLReporter -->
<testsuite ignored="0" hostname="DESKTOP-3HHB18U" failures="0" tests="2" name="BankingApp Test" time="50.746" errors="0" timestamp="15 Jul 2023 18:04:53 GMT">
  <testcase classname="com.inetBanking.testCases.TC_LoginTest_001" name="loginTest" time="14.155"/>
  <testcase classname="com.inetBanking.testCases.TC_AddCustomerTest_003" name="AddNewCustomer" time="17.791"/>
</testsuite> <!-- BankingApp Test -->
