<?xml version="1.0" encoding="UTF-8"?>
<testng-results ignored="0" total="2" passed="2" failed="0" skipped="0">
  <reporter-output>
  </reporter-output>
  <suite started-at="2023-07-15T18:04:03Z" name="INetBankingV1" finished-at="2023-07-15T18:04:53Z" duration-ms="50746">
    <groups>
    </groups>
    <test started-at="2023-07-15T18:04:03Z" name="BankingApp Test" finished-at="2023-07-15T18:04:53Z" duration-ms="50746">
      <class name="com.inetBanking.testCases.TC_AddCustomerTest_003">
        <test-method is-config="true" signature="setup(java.lang.String)[pri:0, instance:com.inetBanking.testCases.TC_AddCustomerTest_003@71b1176b]" started-at="2023-07-15T18:04:26Z" name="setup" finished-at="2023-07-15T18:04:35Z" duration-ms="8864" status="PASS">
          <params>
            <param index="0">
              <value>
                <![CDATA[chrome]]>
              </value>
            </param>
          </params>
          <reporter-output>
          </reporter-output>
        </test-method> <!-- setup -->
        <test-method signature="AddNewCustomer()[pri:0, instance:com.inetBanking.testCases.TC_AddCustomerTest_003@71b1176b]" started-at="2023-07-15T18:04:35Z" name="AddNewCustomer" finished-at="2023-07-15T18:04:53Z" duration-ms="17791" status="PASS">
          <reporter-output>
          </reporter-output>
        </test-method> <!-- AddNewCustomer -->
        <test-method is-config="true" signature="tearDown()[pri:0, instance:com.inetBanking.testCases.TC_AddCustomerTest_003@71b1176b]" started-at="2023-07-15T18:04:53Z" name="tearDown" finished-at="2023-07-15T18:04:53Z" duration-ms="391" status="PASS">
          <reporter-output>
          </reporter-output>
        </test-method> <!-- tearDown -->
      </class> <!-- com.inetBanking.testCases.TC_AddCustomerTest_003 -->
      <class name="com.inetBanking.testCases.TC_LoginTest_001">
        <test-method is-config="true" signature="setup(java.lang.String)[pri:0, instance:com.inetBanking.testCases.TC_LoginTest_001@5276e6b0]" started-at="2023-07-15T18:04:03Z" name="setup" finished-at="2023-07-15T18:04:12Z" duration-ms="8708" status="PASS">
          <params>
            <param index="0">
              <value>
                <![CDATA[chrome]]>
              </value>
            </param>
          </params>
          <reporter-output>
          </reporter-output>
        </test-method> <!-- setup -->
        <test-method signature="loginTest()[pri:0, instance:com.inetBanking.testCases.TC_LoginTest_001@5276e6b0]" started-at="2023-07-15T18:04:12Z" name="loginTest" finished-at="2023-07-15T18:04:26Z" duration-ms="14155" status="PASS">
          <reporter-output>
          </reporter-output>
        </test-method> <!-- loginTest -->
        <test-method is-config="true" signature="tearDown()[pri:0, instance:com.inetBanking.testCases.TC_LoginTest_001@5276e6b0]" started-at="2023-07-15T18:04:26Z" name="tearDown" finished-at="2023-07-15T18:04:26Z" duration-ms="526" status="PASS">
          <reporter-output>
          </reporter-output>
        </test-method> <!-- tearDown -->
      </class> <!-- com.inetBanking.testCases.TC_LoginTest_001 -->
    </test> <!-- BankingApp Test -->
  </suite> <!-- INetBankingV1 -->
</testng-results>
